<?xml version="1.0" encoding="UTF-8"?>
<testng-results skipped="0" failed="0" total="1" passed="1">
  <reporter-output>
  </reporter-output>
  <suite name="Command line suite" duration-ms="6" started-at="2017-09-22T17:33:38Z" finished-at="2017-09-22T17:33:38Z">
    <groups>
    </groups>
    <test name="Command line test" duration-ms="6" started-at="2017-09-22T17:33:38Z" finished-at="2017-09-22T17:33:38Z">
      <class name="firstLesson.AppTest">
        <test-method status="PASS" signature="testApp()[pri:0, instance:testApp(firstLesson.AppTest)]" name="testApp" duration-ms="1" started-at="2017-09-22T13:33:38Z" finished-at="2017-09-22T13:33:38Z">
          <reporter-output>
          </reporter-output>
        </test-method> <!-- testApp -->
      </class> <!-- firstLesson.AppTest -->
    </test> <!-- Command line test -->
  </suite> <!-- Command line suite -->
</testng-results>
