<?xml version="1.0" encoding="UTF-8"?>
<testng-results skipped="0" failed="0" total="2" passed="2">
  <reporter-output>
  </reporter-output>
  <suite name="Command line suite" duration-ms="14" started-at="2017-09-22T17:33:38Z" finished-at="2017-09-22T17:33:38Z">
    <groups>
      <group name="group2">
        <method signature="GroupTest.secondGroup()[pri:0, instance:first.testng.example.GroupTest@2d209079]" name="secondGroup" class="first.testng.example.GroupTest"/>
      </group> <!-- group2 -->
      <group name="group1">
        <method signature="GroupTest.firstGroup()[pri:0, instance:first.testng.example.GroupTest@2d209079]" name="firstGroup" class="first.testng.example.GroupTest"/>
      </group> <!-- group1 -->
    </groups>
    <test name="Command line test" duration-ms="14" started-at="2017-09-22T17:33:38Z" finished-at="2017-09-22T17:33:38Z">
      <class name="first.testng.example.GroupTest">
        <test-method status="PASS" signature="firstGroup()[pri:0, instance:first.testng.example.GroupTest@2d209079]" name="firstGroup" duration-ms="5" started-at="2017-09-22T13:33:38Z" finished-at="2017-09-22T13:33:38Z">
          <reporter-output>
          </reporter-output>
        </test-method> <!-- firstGroup -->
        <test-method status="PASS" signature="secondGroup()[pri:0, instance:first.testng.example.GroupTest@2d209079]" name="secondGroup" duration-ms="0" started-at="2017-09-22T13:33:38Z" finished-at="2017-09-22T13:33:38Z">
          <reporter-output>
          </reporter-output>
        </test-method> <!-- secondGroup -->
      </class> <!-- first.testng.example.GroupTest -->
    </test> <!-- Command line test -->
  </suite> <!-- Command line suite -->
</testng-results>
