<?xml version="1.0" encoding="UTF-8"?>
<testng-results skipped="0" failed="0" total="4" passed="4">
  <reporter-output>
  </reporter-output>
  <suite name="automation" duration-ms="20" started-at="2017-09-22T17:25:07Z" finished-at="2017-09-22T17:25:07Z">
    <groups>
    </groups>
    <test name="testintestng" duration-ms="20" started-at="2017-09-22T17:25:07Z" finished-at="2017-09-22T17:25:07Z">
      <class name="first.testng.example.secondDemo">
        <test-method status="PASS" signature="secondtestng()[pri:0, instance:first.testng.example.secondDemo@39ba5a14]" name="secondtestng" duration-ms="5" started-at="2017-09-22T13:25:07Z" finished-at="2017-09-22T13:25:07Z">
          <reporter-output>
          </reporter-output>
        </test-method> <!-- secondtestng -->
        <test-method status="PASS" signature="firsttestng()[pri:0, instance:first.testng.example.secondDemo@39ba5a14]" name="firsttestng" duration-ms="0" started-at="2017-09-22T13:25:07Z" depends-on-methods="first.testng.example.secondDemo.secondtestng" finished-at="2017-09-22T13:25:07Z">
          <reporter-output>
          </reporter-output>
        </test-method> <!-- firsttestng -->
      </class> <!-- first.testng.example.secondDemo -->
      <class name="first.testng.example.testngDemo">
        <test-method status="PASS" signature="aftertest()[pri:0, instance:first.testng.example.testngDemo@2133c8f8]" name="aftertest" is-config="true" duration-ms="5" started-at="2017-09-22T13:25:07Z" finished-at="2017-09-22T13:25:07Z">
          <reporter-output>
          </reporter-output>
        </test-method> <!-- aftertest -->
        <test-method status="PASS" signature="beforetest()[pri:0, instance:first.testng.example.testngDemo@2133c8f8]" name="beforetest" is-config="true" duration-ms="0" started-at="2017-09-22T13:25:07Z" finished-at="2017-09-22T13:25:07Z">
          <reporter-output>
          </reporter-output>
        </test-method> <!-- beforetest -->
        <test-method status="PASS" signature="beforemethod()[pri:0, instance:first.testng.example.testngDemo@2133c8f8]" name="beforemethod" is-config="true" duration-ms="1" started-at="2017-09-22T13:25:07Z" finished-at="2017-09-22T13:25:07Z">
          <reporter-output>
          </reporter-output>
        </test-method> <!-- beforemethod -->
        <test-method status="PASS" signature="beforemethod()[pri:0, instance:first.testng.example.testngDemo@2133c8f8]" name="beforemethod" is-config="true" duration-ms="1" started-at="2017-09-22T13:25:07Z" finished-at="2017-09-22T13:25:07Z">
          <reporter-output>
          </reporter-output>
        </test-method> <!-- beforemethod -->
        <test-method status="PASS" signature="aftermethod()[pri:0, instance:first.testng.example.testngDemo@2133c8f8]" name="aftermethod" is-config="true" duration-ms="0" started-at="2017-09-22T13:25:07Z" finished-at="2017-09-22T13:25:07Z">
          <reporter-output>
          </reporter-output>
        </test-method> <!-- aftermethod -->
        <test-method status="PASS" signature="secondtestng()[pri:0, instance:first.testng.example.testngDemo@2133c8f8]" name="secondtestng" duration-ms="0" started-at="2017-09-22T13:25:07Z" finished-at="2017-09-22T13:25:07Z">
          <reporter-output>
          </reporter-output>
        </test-method> <!-- secondtestng -->
        <test-method status="PASS" signature="firsttestng()[pri:0, instance:first.testng.example.testngDemo@2133c8f8]" name="firsttestng" duration-ms="0" started-at="2017-09-22T13:25:07Z" finished-at="2017-09-22T13:25:07Z">
          <reporter-output>
          </reporter-output>
        </test-method> <!-- firsttestng -->
        <test-method status="PASS" signature="aftermethod()[pri:0, instance:first.testng.example.testngDemo@2133c8f8]" name="aftermethod" is-config="true" duration-ms="0" started-at="2017-09-22T13:25:07Z" finished-at="2017-09-22T13:25:07Z">
          <reporter-output>
          </reporter-output>
        </test-method> <!-- aftermethod -->
      </class> <!-- first.testng.example.testngDemo -->
    </test> <!-- testintestng -->
  </suite> <!-- automation -->
</testng-results>
