<?xml version="1.0" encoding="UTF-8"?>
<!-- Generated by org.testng.reporters.JUnitXMLReporter -->
<testsuite hostname="DESKTOP-CGESL3R" name="testintestng" tests="4" failures="0" timestamp="22 Sep 2017 17:25:07 GMT" time="0.02" errors="0">
  <testcase name="secondtestng" time="0.005" classname="first.testng.example.secondDemo"/>
  <testcase name="firsttestng" time="0.0" classname="first.testng.example.secondDemo"/>
  <testcase name="secondtestng" time="0.0" classname="first.testng.example.testngDemo"/>
  <testcase name="firsttestng" time="0.0" classname="first.testng.example.testngDemo"/>
</testsuite> <!-- testintestng -->
